<?xml version="1.0" encoding="UTF-8"?>
<!-- Generated by org.testng.reporters.JUnitReportReporter -->
<testsuite hostname="shriyan" name="mavenprojectgithub.LeanFtTest" tests="1" failures="0" timestamp="5 Jul 2017 15:46:04 GMT" time="5.882" errors="0">
  <testcase name="test" time="5.882" classname="mavenprojectgithub.LeanFtTest"/>
</testsuite> <!-- mavenprojectgithub.LeanFtTest -->
